<?xml version="1.0" encoding="UTF-8"?>
<!-- Generated by org.testng.reporters.JUnitReportReporter -->
<testsuite skipped="0" hostname="DESKTOP-FUR8CG5" name="testngpackage1.TestNGFile1" tests="2" failures="0" timestamp="07 sie 2019 13:13:30 GMT" time="2.737" errors="0">
  <testcase name="register" time="1.520" classname="testngpackage1.TestNGFile1"/>
  <testcase name="support" time="1.217" classname="testngpackage1.TestNGFile1"/>
</testsuite> <!-- testngpackage1.TestNGFile1 -->
